0 info it worked if it ends with ok
1 verbose cli [ '/usr/local/Cellar/node/7.3.0/bin/node',
1 verbose cli   '/usr/local/bin/npm',
1 verbose cli   'install',
1 verbose cli   '--save-dev',
1 verbose cli   'react-csv-downloader' ]
2 info using npm@3.10.10
3 info using node@v7.3.0
4 silly loadCurrentTree Starting
5 silly install loadCurrentTree
6 silly install readLocalPackageData
7 silly fetchPackageMetaData react-csv-downloader
8 silly fetchNamedPackageData react-csv-downloader
9 silly mapToRegistry name react-csv-downloader
10 silly mapToRegistry using default registry
11 silly mapToRegistry registry https://registry.npmjs.org/
12 silly mapToRegistry data Result {
12 silly mapToRegistry   raw: 'react-csv-downloader',
12 silly mapToRegistry   scope: null,
12 silly mapToRegistry   escapedName: 'react-csv-downloader',
12 silly mapToRegistry   name: 'react-csv-downloader',
12 silly mapToRegistry   rawSpec: '',
12 silly mapToRegistry   spec: 'latest',
12 silly mapToRegistry   type: 'tag' }
13 silly mapToRegistry uri https://registry.npmjs.org/react-csv-downloader
14 verbose request uri https://registry.npmjs.org/react-csv-downloader
15 verbose request no auth needed
16 info attempt registry request try #1 at 9:25:57 PM
17 verbose request id ab54e11aa59c257e
18 verbose etag W/"573ef71d-2c57"
19 verbose lastModified Fri, 20 May 2016 11:38:05 GMT
20 http request GET https://registry.npmjs.org/react-csv-downloader
21 http 304 https://registry.npmjs.org/react-csv-downloader
22 verbose headers { date: 'Thu, 05 Jan 2017 02:25:42 GMT',
22 verbose headers   via: '1.1 varnish',
22 verbose headers   'cache-control': 'max-age=300',
22 verbose headers   etag: 'W/"573ef71d-2c57"',
22 verbose headers   age: '255',
22 verbose headers   connection: 'keep-alive',
22 verbose headers   'x-served-by': 'cache-atl6249-ATL',
22 verbose headers   'x-cache': 'HIT',
22 verbose headers   'x-cache-hits': '1',
22 verbose headers   'x-timer': 'S1483583142.571042,VS0,VE0',
22 verbose headers   vary: 'Accept-Encoding' }
23 silly get cb [ 304,
23 silly get   { date: 'Thu, 05 Jan 2017 02:25:42 GMT',
23 silly get     via: '1.1 varnish',
23 silly get     'cache-control': 'max-age=300',
23 silly get     etag: 'W/"573ef71d-2c57"',
23 silly get     age: '255',
23 silly get     connection: 'keep-alive',
23 silly get     'x-served-by': 'cache-atl6249-ATL',
23 silly get     'x-cache': 'HIT',
23 silly get     'x-cache-hits': '1',
23 silly get     'x-timer': 'S1483583142.571042,VS0,VE0',
23 silly get     vary: 'Accept-Encoding' } ]
24 verbose etag https://registry.npmjs.org/react-csv-downloader from cache
25 verbose get saving react-csv-downloader to /Users/blairgooger/.npm/registry.npmjs.org/react-csv-downloader/.cache.json
26 verbose correctMkdir /Users/blairgooger/.npm correctMkdir not in flight; initializing
27 silly install normalizeTree
28 silly loadCurrentTree Finishing
29 silly loadIdealTree Starting
30 silly install loadIdealTree
31 silly cloneCurrentTree Starting
32 silly install cloneCurrentTreeToIdealTree
33 silly cloneCurrentTree Finishing
34 silly loadShrinkwrap Starting
35 silly install loadShrinkwrap
36 silly loadShrinkwrap Finishing
37 silly loadAllDepsIntoIdealTree Starting
38 silly install loadAllDepsIntoIdealTree
39 silly resolveWithNewModule react-csv-downloader@0.1.4 checking installable status
40 silly cache add args [ 'react-csv-downloader', null ]
41 verbose cache add spec react-csv-downloader
42 silly cache add parsed spec Result {
42 silly cache add   raw: 'react-csv-downloader',
42 silly cache add   scope: null,
42 silly cache add   escapedName: 'react-csv-downloader',
42 silly cache add   name: 'react-csv-downloader',
42 silly cache add   rawSpec: '',
42 silly cache add   spec: 'latest',
42 silly cache add   type: 'tag' }
43 silly addNamed react-csv-downloader@latest
44 verbose addNamed "latest" is being treated as a dist-tag for react-csv-downloader
45 info addNameTag [ 'react-csv-downloader', 'latest' ]
46 silly mapToRegistry name react-csv-downloader
47 silly mapToRegistry using default registry
48 silly mapToRegistry registry https://registry.npmjs.org/
49 silly mapToRegistry data Result {
49 silly mapToRegistry   raw: 'react-csv-downloader',
49 silly mapToRegistry   scope: null,
49 silly mapToRegistry   escapedName: 'react-csv-downloader',
49 silly mapToRegistry   name: 'react-csv-downloader',
49 silly mapToRegistry   rawSpec: '',
49 silly mapToRegistry   spec: 'latest',
49 silly mapToRegistry   type: 'tag' }
50 silly mapToRegistry uri https://registry.npmjs.org/react-csv-downloader
51 verbose addNameTag registry:https://registry.npmjs.org/react-csv-downloader not in flight; fetching
52 verbose get https://registry.npmjs.org/react-csv-downloader not expired, no request
53 silly addNameTag next cb for react-csv-downloader with tag latest
54 silly addNamed react-csv-downloader@0.1.4
55 verbose addNamed "0.1.4" is a plain semver version for react-csv-downloader
56 silly cache afterAdd react-csv-downloader@0.1.4
57 verbose afterAdd /Users/blairgooger/.npm/react-csv-downloader/0.1.4/package/package.json not in flight; writing
58 verbose correctMkdir /Users/blairgooger/.npm correctMkdir not in flight; initializing
59 verbose afterAdd /Users/blairgooger/.npm/react-csv-downloader/0.1.4/package/package.json written
60 silly loadAllDepsIntoIdealTree Finishing
61 silly loadIdealTree Finishing
62 silly currentTree string-distance@1.0.0
62 silly currentTree ├── acorn@3.3.0
62 silly currentTree ├── align-text@0.1.4
62 silly currentTree ├── alphanum-sort@1.0.2
62 silly currentTree ├── amdefine@1.0.1
62 silly currentTree ├── ansi-regex@2.0.0
62 silly currentTree ├── ansi-styles@2.2.1
62 silly currentTree ├── anymatch@1.3.0
62 silly currentTree ├── argparse@1.0.9
62 silly currentTree ├── arr-diff@2.0.0
62 silly currentTree ├── arr-flatten@1.0.1
62 silly currentTree ├── array-unique@0.2.1
62 silly currentTree ├── arrify@1.0.1
62 silly currentTree ├── asap@2.0.5
62 silly currentTree ├── assert@1.4.1
62 silly currentTree ├── async-each@1.0.1
62 silly currentTree ├── async@1.5.2
62 silly currentTree ├── autoprefixer@6.6.0
62 silly currentTree ├── babel-code-frame@6.20.0
62 silly currentTree ├── babel-core@6.21.0
62 silly currentTree ├── babel-generator@6.21.0
62 silly currentTree ├── babel-helper-builder-react-jsx@6.21.1
62 silly currentTree ├── babel-helper-call-delegate@6.18.0
62 silly currentTree ├── babel-helper-define-map@6.18.0
62 silly currentTree ├── babel-helper-function-name@6.18.0
62 silly currentTree ├── babel-helper-get-function-arity@6.18.0
62 silly currentTree ├── babel-helper-hoist-variables@6.18.0
62 silly currentTree ├── babel-helper-optimise-call-expression@6.18.0
62 silly currentTree ├── babel-helper-regex@6.18.0
62 silly currentTree ├── babel-helper-replace-supers@6.18.0
62 silly currentTree ├── babel-helpers@6.16.0
62 silly currentTree ├── babel-loader@6.2.10
62 silly currentTree ├── babel-messages@6.8.0
62 silly currentTree ├── babel-plugin-check-es2015-constants@6.8.0
62 silly currentTree ├── babel-plugin-syntax-flow@6.18.0
62 silly currentTree ├── babel-plugin-syntax-jsx@6.18.0
62 silly currentTree ├── babel-plugin-transform-es2015-arrow-functions@6.8.0
62 silly currentTree ├── babel-plugin-transform-es2015-block-scoped-functions@6.8.0
62 silly currentTree ├── babel-plugin-transform-es2015-block-scoping@6.21.0
62 silly currentTree ├── babel-plugin-transform-es2015-classes@6.18.0
62 silly currentTree ├── babel-plugin-transform-es2015-computed-properties@6.8.0
62 silly currentTree ├── babel-plugin-transform-es2015-destructuring@6.19.0
62 silly currentTree ├── babel-plugin-transform-es2015-duplicate-keys@6.8.0
62 silly currentTree ├── babel-plugin-transform-es2015-for-of@6.18.0
62 silly currentTree ├── babel-plugin-transform-es2015-function-name@6.9.0
62 silly currentTree ├── babel-plugin-transform-es2015-literals@6.8.0
62 silly currentTree ├── babel-plugin-transform-es2015-modules-amd@6.18.0
62 silly currentTree ├── babel-plugin-transform-es2015-modules-commonjs@6.18.0
62 silly currentTree ├── babel-plugin-transform-es2015-modules-systemjs@6.19.0
62 silly currentTree ├── babel-plugin-transform-es2015-modules-umd@6.18.0
62 silly currentTree ├── babel-plugin-transform-es2015-object-super@6.8.0
62 silly currentTree ├── babel-plugin-transform-es2015-parameters@6.21.0
62 silly currentTree ├── babel-plugin-transform-es2015-shorthand-properties@6.18.0
62 silly currentTree ├── babel-plugin-transform-es2015-spread@6.8.0
62 silly currentTree ├── babel-plugin-transform-es2015-sticky-regex@6.8.0
62 silly currentTree ├── babel-plugin-transform-es2015-template-literals@6.8.0
62 silly currentTree ├── babel-plugin-transform-es2015-typeof-symbol@6.18.0
62 silly currentTree ├── babel-plugin-transform-es2015-unicode-regex@6.11.0
62 silly currentTree ├── babel-plugin-transform-flow-strip-types@6.21.0
62 silly currentTree ├── babel-plugin-transform-react-display-name@6.8.0
62 silly currentTree ├── babel-plugin-transform-react-jsx-self@6.11.0
62 silly currentTree ├── babel-plugin-transform-react-jsx-source@6.9.0
62 silly currentTree ├── babel-plugin-transform-react-jsx@6.8.0
62 silly currentTree ├── babel-plugin-transform-regenerator@6.21.0
62 silly currentTree ├── babel-plugin-transform-strict-mode@6.18.0
62 silly currentTree ├── babel-preset-es2015@6.18.0
62 silly currentTree ├── babel-preset-react@6.16.0
62 silly currentTree ├── babel-register@6.18.0
62 silly currentTree ├── babel-runtime@6.20.0
62 silly currentTree ├── babel-template@6.16.0
62 silly currentTree ├── babel-traverse@6.21.0
62 silly currentTree ├── babel-types@6.21.0
62 silly currentTree ├── babylon@6.14.1
62 silly currentTree ├── balanced-match@0.4.2
62 silly currentTree ├── base64-js@1.2.0
62 silly currentTree ├── big.js@3.1.3
62 silly currentTree ├── binary-extensions@1.8.0
62 silly currentTree ├── bootstrap@3.3.7
62 silly currentTree ├── brace-expansion@1.1.6
62 silly currentTree ├── braces@1.8.5
62 silly currentTree ├── browserify-aes@0.4.0
62 silly currentTree ├── browserify-zlib@0.1.4
62 silly currentTree ├── browserslist@1.5.1
62 silly currentTree ├── buffer-shims@1.0.0
62 silly currentTree ├── buffer@4.9.1
62 silly currentTree ├── builtin-status-codes@2.0.0
62 silly currentTree ├── camelcase@1.2.1
62 silly currentTree ├── caniuse-db@1.0.30000602
62 silly currentTree ├── center-align@0.1.3
62 silly currentTree ├── chalk@1.1.3
62 silly currentTree ├── chokidar@1.6.1
62 silly currentTree ├── clap@1.1.2
62 silly currentTree ├── classnames@2.2.5
62 silly currentTree ├─┬ cliui@2.1.0
62 silly currentTree │ └── wordwrap@0.0.2
62 silly currentTree ├── clone@1.0.2
62 silly currentTree ├── coa@1.0.1
62 silly currentTree ├── color-convert@1.8.2
62 silly currentTree ├── color-name@1.1.1
62 silly currentTree ├── color-string@0.3.0
62 silly currentTree ├── color@0.11.4
62 silly currentTree ├── colormin@1.1.2
62 silly currentTree ├── colors@1.1.2
62 silly currentTree ├── commondir@1.0.1
62 silly currentTree ├── concat-map@0.0.1
62 silly currentTree ├── console-browserify@1.1.0
62 silly currentTree ├── constants-browserify@1.0.0
62 silly currentTree ├── convert-source-map@1.3.0
62 silly currentTree ├── core-js@2.4.1
62 silly currentTree ├── core-util-is@1.0.2
62 silly currentTree ├── crypto-browserify@3.3.0
62 silly currentTree ├── css-color-names@0.0.4
62 silly currentTree ├── css-loader@0.26.1
62 silly currentTree ├─┬ css-selector-tokenizer@0.7.0
62 silly currentTree │ └── regexpu-core@1.0.0
62 silly currentTree ├── cssesc@0.1.0
62 silly currentTree ├── cssnano@3.9.1
62 silly currentTree ├── csso@2.2.1
62 silly currentTree ├── date-now@0.1.4
62 silly currentTree ├── debug@2.6.0
62 silly currentTree ├── decamelize@1.2.0
62 silly currentTree ├── defined@1.0.0
62 silly currentTree ├── detect-indent@4.0.0
62 silly currentTree ├── dom-helpers@2.4.0
62 silly currentTree ├── domain-browser@1.1.7
62 silly currentTree ├── emojis-list@2.1.0
62 silly currentTree ├── encoding@0.1.12
62 silly currentTree ├─┬ enhanced-resolve@0.9.1
62 silly currentTree │ └── memory-fs@0.2.0
62 silly currentTree ├── errno@0.1.4
62 silly currentTree ├── escape-string-regexp@1.0.5
62 silly currentTree ├── esprima@2.7.3
62 silly currentTree ├── esutils@2.0.2
62 silly currentTree ├── events@1.1.1
62 silly currentTree ├── expand-brackets@0.1.5
62 silly currentTree ├── expand-range@1.8.2
62 silly currentTree ├── extglob@0.3.2
62 silly currentTree ├── fastparse@1.1.1
62 silly currentTree ├─┬ fbjs@0.8.8
62 silly currentTree │ └── core-js@1.2.7
62 silly currentTree ├── file-loader@0.9.0
62 silly currentTree ├── filename-regex@2.0.0
62 silly currentTree ├── fill-range@2.2.3
62 silly currentTree ├── find-cache-dir@0.1.1
62 silly currentTree ├── find-up@1.1.2
62 silly currentTree ├── flatten@1.0.2
62 silly currentTree ├── for-in@0.1.6
62 silly currentTree ├── for-own@0.1.4
62 silly currentTree ├─┬ fsevents@1.0.15
62 silly currentTree │ ├── abbrev@1.0.9
62 silly currentTree │ ├── ansi-regex@2.0.0
62 silly currentTree │ ├── ansi-styles@2.2.1
62 silly currentTree │ ├── aproba@1.0.4
62 silly currentTree │ ├── are-we-there-yet@1.1.2
62 silly currentTree │ ├── asn1@0.2.3
62 silly currentTree │ ├── assert-plus@0.2.0
62 silly currentTree │ ├── async@1.5.2
62 silly currentTree │ ├── aws-sign2@0.6.0
62 silly currentTree │ ├── aws4@1.4.1
62 silly currentTree │ ├── balanced-match@0.4.2
62 silly currentTree │ ├─┬ bl@1.1.2
62 silly currentTree │ │ └── readable-stream@2.0.6
62 silly currentTree │ ├── block-stream@0.0.9
62 silly currentTree │ ├── boom@2.10.1
62 silly currentTree │ ├── brace-expansion@1.1.5
62 silly currentTree │ ├── buffer-shims@1.0.0
62 silly currentTree │ ├── caseless@0.11.0
62 silly currentTree │ ├── chalk@1.1.3
62 silly currentTree │ ├── code-point-at@1.0.0
62 silly currentTree │ ├── combined-stream@1.0.5
62 silly currentTree │ ├── commander@2.9.0
62 silly currentTree │ ├── concat-map@0.0.1
62 silly currentTree │ ├── console-control-strings@1.1.0
62 silly currentTree │ ├── core-util-is@1.0.2
62 silly currentTree │ ├── cryptiles@2.0.5
62 silly currentTree │ ├─┬ dashdash@1.14.0
62 silly currentTree │ │ └── assert-plus@1.0.0
62 silly currentTree │ ├── debug@2.2.0
62 silly currentTree │ ├── deep-extend@0.4.1
62 silly currentTree │ ├── delayed-stream@1.0.0
62 silly currentTree │ ├── delegates@1.0.0
62 silly currentTree │ ├── ecc-jsbn@0.1.1
62 silly currentTree │ ├── escape-string-regexp@1.0.5
62 silly currentTree │ ├── extend@3.0.0
62 silly currentTree │ ├── extsprintf@1.0.2
62 silly currentTree │ ├── forever-agent@0.6.1
62 silly currentTree │ ├── form-data@1.0.0-rc4
62 silly currentTree │ ├── fs.realpath@1.0.0
62 silly currentTree │ ├── fstream-ignore@1.0.5
62 silly currentTree │ ├── fstream@1.0.10
62 silly currentTree │ ├── gauge@2.6.0
62 silly currentTree │ ├── generate-function@2.0.0
62 silly currentTree │ ├── generate-object-property@1.2.0
62 silly currentTree │ ├─┬ getpass@0.1.6
62 silly currentTree │ │ └── assert-plus@1.0.0
62 silly currentTree │ ├── glob@7.0.5
62 silly currentTree │ ├── graceful-fs@4.1.4
62 silly currentTree │ ├── graceful-readlink@1.0.1
62 silly currentTree │ ├── har-validator@2.0.6
62 silly currentTree │ ├── has-ansi@2.0.0
62 silly currentTree │ ├── has-color@0.1.7
62 silly currentTree │ ├── has-unicode@2.0.1
62 silly currentTree │ ├── hawk@3.1.3
62 silly currentTree │ ├── hoek@2.16.3
62 silly currentTree │ ├── http-signature@1.1.1
62 silly currentTree │ ├── inflight@1.0.5
62 silly currentTree │ ├── inherits@2.0.1
62 silly currentTree │ ├── ini@1.3.4
62 silly currentTree │ ├── is-fullwidth-code-point@1.0.0
62 silly currentTree │ ├── is-my-json-valid@2.13.1
62 silly currentTree │ ├── is-property@1.0.2
62 silly currentTree │ ├── is-typedarray@1.0.0
62 silly currentTree │ ├── isarray@1.0.0
62 silly currentTree │ ├── isstream@0.1.2
62 silly currentTree │ ├── jodid25519@1.0.2
62 silly currentTree │ ├── jsbn@0.1.0
62 silly currentTree │ ├── json-schema@0.2.2
62 silly currentTree │ ├── json-stringify-safe@5.0.1
62 silly currentTree │ ├── jsonpointer@2.0.0
62 silly currentTree │ ├── jsprim@1.3.0
62 silly currentTree │ ├── mime-db@1.23.0
62 silly currentTree │ ├── mime-types@2.1.11
62 silly currentTree │ ├── minimatch@3.0.2
62 silly currentTree │ ├── minimist@0.0.8
62 silly currentTree │ ├── mkdirp@0.5.1
62 silly currentTree │ ├── ms@0.7.1
62 silly currentTree │ ├── node-pre-gyp@0.6.29
62 silly currentTree │ ├── node-uuid@1.4.7
62 silly currentTree │ ├── nopt@3.0.6
62 silly currentTree │ ├── npmlog@3.1.2
62 silly currentTree │ ├── number-is-nan@1.0.0
62 silly currentTree │ ├── oauth-sign@0.8.2
62 silly currentTree │ ├── object-assign@4.1.0
62 silly currentTree │ ├── once@1.3.3
62 silly currentTree │ ├── path-is-absolute@1.0.0
62 silly currentTree │ ├── pinkie-promise@2.0.1
62 silly currentTree │ ├── pinkie@2.0.4
62 silly currentTree │ ├── process-nextick-args@1.0.7
62 silly currentTree │ ├── qs@6.2.0
62 silly currentTree │ ├─┬ rc@1.1.6
62 silly currentTree │ │ └── minimist@1.2.0
62 silly currentTree │ ├── readable-stream@2.1.4
62 silly currentTree │ ├── request@2.73.0
62 silly currentTree │ ├── rimraf@2.5.3
62 silly currentTree │ ├── semver@5.2.0
62 silly currentTree │ ├── set-blocking@2.0.0
62 silly currentTree │ ├── signal-exit@3.0.0
62 silly currentTree │ ├── sntp@1.0.9
62 silly currentTree │ ├─┬ sshpk@1.8.3
62 silly currentTree │ │ └── assert-plus@1.0.0
62 silly currentTree │ ├── string_decoder@0.10.31
62 silly currentTree │ ├── string-width@1.0.1
62 silly currentTree │ ├── stringstream@0.0.5
62 silly currentTree │ ├── strip-ansi@3.0.1
62 silly currentTree │ ├── strip-json-comments@1.0.4
62 silly currentTree │ ├── supports-color@2.0.0
62 silly currentTree │ ├── tar-pack@3.1.4
62 silly currentTree │ ├── tar@2.2.1
62 silly currentTree │ ├── tough-cookie@2.2.2
62 silly currentTree │ ├── tunnel-agent@0.4.3
62 silly currentTree │ ├── tweetnacl@0.13.3
62 silly currentTree │ ├── uid-number@0.0.6
62 silly currentTree │ ├── util-deprecate@1.0.2
62 silly currentTree │ ├── verror@1.3.6
62 silly currentTree │ ├── wide-align@1.1.0
62 silly currentTree │ ├── wrappy@1.0.2
62 silly currentTree │ └── xtend@4.0.1
62 silly currentTree ├── function-bind@1.1.0
62 silly currentTree ├── glob-base@0.3.0
62 silly currentTree ├── glob-parent@2.0.0
62 silly currentTree ├── globals@9.14.0
62 silly currentTree ├── graceful-fs@4.1.11
62 silly currentTree ├── has-ansi@2.0.0
62 silly currentTree ├── has-flag@1.0.0
62 silly currentTree ├── has@1.0.1
62 silly currentTree ├── home-or-tmp@2.0.0
62 silly currentTree ├── html-comment-regex@1.1.1
62 silly currentTree ├── https-browserify@0.0.1
62 silly currentTree ├── iconv-lite@0.4.15
62 silly currentTree ├── icss-replace-symbols@1.0.2
62 silly currentTree ├── ieee754@1.1.8
62 silly currentTree ├── indexes-of@1.0.1
62 silly currentTree ├── indexof@0.0.1
62 silly currentTree ├── inherits@2.0.3
62 silly currentTree ├── interpret@0.6.6
62 silly currentTree ├── invariant@2.2.2
62 silly currentTree ├── is-absolute-url@2.1.0
62 silly currentTree ├── is-binary-path@1.0.1
62 silly currentTree ├── is-buffer@1.1.4
62 silly currentTree ├── is-dotfile@1.0.2
62 silly currentTree ├── is-equal-shallow@0.1.3
62 silly currentTree ├── is-extendable@0.1.1
62 silly currentTree ├── is-extglob@1.0.0
62 silly currentTree ├── is-finite@1.0.2
62 silly currentTree ├── is-glob@2.0.1
62 silly currentTree ├── is-number@2.1.0
62 silly currentTree ├── is-plain-obj@1.1.0
62 silly currentTree ├── is-posix-bracket@0.1.1
62 silly currentTree ├── is-primitive@2.0.0
62 silly currentTree ├── is-stream@1.1.0
62 silly currentTree ├── is-svg@2.1.0
62 silly currentTree ├── isarray@1.0.0
62 silly currentTree ├── isobject@2.1.0
62 silly currentTree ├── isomorphic-fetch@2.2.1
62 silly currentTree ├── js-base64@2.1.9
62 silly currentTree ├── js-tokens@2.0.0
62 silly currentTree ├── js-yaml@3.6.1
62 silly currentTree ├── jsesc@1.3.0
62 silly currentTree ├── json5@0.5.1
62 silly currentTree ├── keycode@2.1.8
62 silly currentTree ├── kind-of@3.1.0
62 silly currentTree ├── lazy-cache@1.0.4
62 silly currentTree ├── loader-utils@0.2.16
62 silly currentTree ├── lodash.camelcase@4.3.0
62 silly currentTree ├── lodash.indexof@4.0.5
62 silly currentTree ├── lodash@4.17.3
62 silly currentTree ├── longest@1.0.1
62 silly currentTree ├── loose-envify@1.3.0
62 silly currentTree ├── macaddress@0.2.8
62 silly currentTree ├── math-expression-evaluator@1.2.14
62 silly currentTree ├── memory-fs@0.3.0
62 silly currentTree ├── micromatch@2.3.11
62 silly currentTree ├── mime@1.2.11
62 silly currentTree ├── minimatch@3.0.3
62 silly currentTree ├── minimist@0.0.8
62 silly currentTree ├── mkdirp@0.5.1
62 silly currentTree ├── ms@0.7.2
62 silly currentTree ├── nan@2.5.0
62 silly currentTree ├── node-fetch@1.6.3
62 silly currentTree ├── node-libs-browser@0.7.0
62 silly currentTree ├── normalize-path@2.0.1
62 silly currentTree ├── normalize-range@0.1.2
62 silly currentTree ├── normalize-url@1.8.0
62 silly currentTree ├── num2fraction@1.2.2
62 silly currentTree ├── number-is-nan@1.0.1
62 silly currentTree ├── object-assign@4.1.0
62 silly currentTree ├── object.omit@2.0.1
62 silly currentTree ├── optimist@0.6.1
62 silly currentTree ├── os-browserify@0.2.1
62 silly currentTree ├── os-homedir@1.0.2
62 silly currentTree ├── os-tmpdir@1.0.2
62 silly currentTree ├── pako@0.2.9
62 silly currentTree ├── parse-glob@3.0.4
62 silly currentTree ├── path-browserify@0.0.0
62 silly currentTree ├── path-exists@2.1.0
62 silly currentTree ├── path-is-absolute@1.0.1
62 silly currentTree ├── pbkdf2-compat@2.0.1
62 silly currentTree ├── pinkie-promise@2.0.1
62 silly currentTree ├── pinkie@2.0.4
62 silly currentTree ├── pkg-dir@1.0.0
62 silly currentTree ├── postcss-calc@5.3.1
62 silly currentTree ├── postcss-colormin@2.2.1
62 silly currentTree ├── postcss-convert-values@2.6.0
62 silly currentTree ├── postcss-discard-comments@2.0.4
62 silly currentTree ├── postcss-discard-duplicates@2.0.2
62 silly currentTree ├── postcss-discard-empty@2.1.0
62 silly currentTree ├── postcss-discard-overridden@0.1.1
62 silly currentTree ├── postcss-discard-unused@2.2.3
62 silly currentTree ├── postcss-filter-plugins@2.0.2
62 silly currentTree ├── postcss-merge-idents@2.1.7
62 silly currentTree ├── postcss-merge-longhand@2.0.1
62 silly currentTree ├── postcss-merge-rules@2.0.11
62 silly currentTree ├── postcss-message-helpers@2.0.0
62 silly currentTree ├── postcss-minify-font-values@1.0.5
62 silly currentTree ├── postcss-minify-gradients@1.0.5
62 silly currentTree ├── postcss-minify-params@1.2.2
62 silly currentTree ├── postcss-minify-selectors@2.1.1
62 silly currentTree ├── postcss-modules-extract-imports@1.0.1
62 silly currentTree ├─┬ postcss-modules-local-by-default@1.1.1
62 silly currentTree │ ├── css-selector-tokenizer@0.6.0
62 silly currentTree │ └── regexpu-core@1.0.0
62 silly currentTree ├─┬ postcss-modules-scope@1.0.2
62 silly currentTree │ ├── css-selector-tokenizer@0.6.0
62 silly currentTree │ └── regexpu-core@1.0.0
62 silly currentTree ├── postcss-modules-values@1.2.2
62 silly currentTree ├── postcss-normalize-charset@1.1.1
62 silly currentTree ├── postcss-normalize-url@3.0.8
62 silly currentTree ├── postcss-ordered-values@2.2.2
62 silly currentTree ├── postcss-reduce-idents@2.3.1
62 silly currentTree ├── postcss-reduce-initial@1.0.1
62 silly currentTree ├── postcss-reduce-transforms@1.0.4
62 silly currentTree ├── postcss-selector-parser@2.2.2
62 silly currentTree ├── postcss-svgo@2.1.6
62 silly currentTree ├── postcss-unique-selectors@2.0.2
62 silly currentTree ├── postcss-value-parser@3.3.0
62 silly currentTree ├── postcss-zindex@2.2.0
62 silly currentTree ├─┬ postcss@5.2.8
62 silly currentTree │ └── supports-color@3.1.2
62 silly currentTree ├── prepend-http@1.0.4
62 silly currentTree ├── preserve@0.2.0
62 silly currentTree ├── private@0.1.6
62 silly currentTree ├── process-nextick-args@1.0.7
62 silly currentTree ├── process@0.11.9
62 silly currentTree ├── promise@7.1.1
62 silly currentTree ├── prr@0.0.0
62 silly currentTree ├── punycode@1.4.1
62 silly currentTree ├── q@1.4.1
62 silly currentTree ├── query-string@4.2.3
62 silly currentTree ├── querystring-es3@0.2.1
62 silly currentTree ├── querystring@0.2.0
62 silly currentTree ├── randomatic@1.1.6
62 silly currentTree ├── react-bootstrap@0.30.7
62 silly currentTree ├── react-dom@15.4.1
62 silly currentTree ├── react-overlays@0.6.10
62 silly currentTree ├── react-prop-types@0.4.0
62 silly currentTree ├── react@15.4.1
62 silly currentTree ├── readable-stream@2.2.2
62 silly currentTree ├── readdirp@2.1.0
62 silly currentTree ├── reduce-css-calc@1.3.0
62 silly currentTree ├── reduce-function-call@1.0.2
62 silly currentTree ├── regenerate@1.3.2
62 silly currentTree ├── regenerator-runtime@0.10.1
62 silly currentTree ├── regenerator-transform@0.9.8
62 silly currentTree ├── regex-cache@0.4.3
62 silly currentTree ├── regexpu-core@2.0.0
62 silly currentTree ├── regjsgen@0.2.0
62 silly currentTree ├─┬ regjsparser@0.1.5
62 silly currentTree │ └── jsesc@0.5.0
62 silly currentTree ├── repeat-element@1.1.2
62 silly currentTree ├── repeat-string@1.6.1
62 silly currentTree ├── repeating@2.0.1
62 silly currentTree ├── right-align@0.1.3
62 silly currentTree ├── ripemd160@0.2.0
62 silly currentTree ├── sax@1.2.1
62 silly currentTree ├── set-immediate-shim@1.0.1
62 silly currentTree ├── setimmediate@1.0.5
62 silly currentTree ├── sha.js@2.2.6
62 silly currentTree ├── slash@1.0.0
62 silly currentTree ├── sort-keys@1.1.2
62 silly currentTree ├── source-list-map@0.1.7
62 silly currentTree ├── source-map-support@0.4.8
62 silly currentTree ├── source-map@0.5.6
62 silly currentTree ├── sprintf-js@1.0.3
62 silly currentTree ├── stream-browserify@2.0.1
62 silly currentTree ├── stream-http@2.5.0
62 silly currentTree ├── strict-uri-encode@1.1.0
62 silly currentTree ├── string_decoder@0.10.31
62 silly currentTree ├── strip-ansi@3.0.1
62 silly currentTree ├── style-loader@0.13.1
62 silly currentTree ├── supports-color@2.0.0
62 silly currentTree ├── svgo@0.7.1
62 silly currentTree ├── tapable@0.1.10
62 silly currentTree ├── timers-browserify@2.0.2
62 silly currentTree ├── to-arraybuffer@1.0.1
62 silly currentTree ├── to-fast-properties@1.0.2
62 silly currentTree ├── tty-browserify@0.0.0
62 silly currentTree ├── ua-parser-js@0.7.12
62 silly currentTree ├─┬ uglify-js@2.7.5
62 silly currentTree │ └── async@0.2.10
62 silly currentTree ├── uglify-to-browserify@1.0.2
62 silly currentTree ├── uncontrollable@4.0.3
62 silly currentTree ├── uniq@1.0.1
62 silly currentTree ├── uniqid@4.1.0
62 silly currentTree ├── uniqs@2.0.0
62 silly currentTree ├── url-loader@0.5.7
62 silly currentTree ├─┬ url@0.11.0
62 silly currentTree │ └── punycode@1.3.2
62 silly currentTree ├── util-deprecate@1.0.2
62 silly currentTree ├─┬ util@0.10.3
62 silly currentTree │ └── inherits@2.0.1
62 silly currentTree ├── vendors@1.0.1
62 silly currentTree ├── vm-browserify@0.0.4
62 silly currentTree ├── warning@3.0.0
62 silly currentTree ├─┬ watchpack@0.2.9
62 silly currentTree │ └── async@0.9.2
62 silly currentTree ├─┬ webpack-core@0.6.9
62 silly currentTree │ └── source-map@0.4.4
62 silly currentTree ├─┬ webpack@1.14.0
62 silly currentTree │ └── supports-color@3.1.2
62 silly currentTree ├── whatwg-fetch@2.0.1
62 silly currentTree ├── whet.extend@0.9.9
62 silly currentTree ├── window-size@0.1.0
62 silly currentTree ├── wordwrap@0.0.3
62 silly currentTree ├── xtend@4.0.1
62 silly currentTree └── yargs@3.10.0
63 silly idealTree string-distance@1.0.0
63 silly idealTree ├── acorn@3.3.0
63 silly idealTree ├── align-text@0.1.4
63 silly idealTree ├── alphanum-sort@1.0.2
63 silly idealTree ├── amdefine@1.0.1
63 silly idealTree ├── ansi-regex@2.0.0
63 silly idealTree ├── ansi-styles@2.2.1
63 silly idealTree ├── anymatch@1.3.0
63 silly idealTree ├── argparse@1.0.9
63 silly idealTree ├── arr-diff@2.0.0
63 silly idealTree ├── arr-flatten@1.0.1
63 silly idealTree ├── array-unique@0.2.1
63 silly idealTree ├── arrify@1.0.1
63 silly idealTree ├── asap@2.0.5
63 silly idealTree ├── assert@1.4.1
63 silly idealTree ├── async-each@1.0.1
63 silly idealTree ├── async@1.5.2
63 silly idealTree ├── autoprefixer@6.6.0
63 silly idealTree ├── babel-code-frame@6.20.0
63 silly idealTree ├── babel-core@6.21.0
63 silly idealTree ├── babel-generator@6.21.0
63 silly idealTree ├── babel-helper-builder-react-jsx@6.21.1
63 silly idealTree ├── babel-helper-call-delegate@6.18.0
63 silly idealTree ├── babel-helper-define-map@6.18.0
63 silly idealTree ├── babel-helper-function-name@6.18.0
63 silly idealTree ├── babel-helper-get-function-arity@6.18.0
63 silly idealTree ├── babel-helper-hoist-variables@6.18.0
63 silly idealTree ├── babel-helper-optimise-call-expression@6.18.0
63 silly idealTree ├── babel-helper-regex@6.18.0
63 silly idealTree ├── babel-helper-replace-supers@6.18.0
63 silly idealTree ├── babel-helpers@6.16.0
63 silly idealTree ├── babel-loader@6.2.10
63 silly idealTree ├── babel-messages@6.8.0
63 silly idealTree ├── babel-plugin-check-es2015-constants@6.8.0
63 silly idealTree ├── babel-plugin-syntax-flow@6.18.0
63 silly idealTree ├── babel-plugin-syntax-jsx@6.18.0
63 silly idealTree ├── babel-plugin-transform-es2015-arrow-functions@6.8.0
63 silly idealTree ├── babel-plugin-transform-es2015-block-scoped-functions@6.8.0
63 silly idealTree ├── babel-plugin-transform-es2015-block-scoping@6.21.0
63 silly idealTree ├── babel-plugin-transform-es2015-classes@6.18.0
63 silly idealTree ├── babel-plugin-transform-es2015-computed-properties@6.8.0
63 silly idealTree ├── babel-plugin-transform-es2015-destructuring@6.19.0
63 silly idealTree ├── babel-plugin-transform-es2015-duplicate-keys@6.8.0
63 silly idealTree ├── babel-plugin-transform-es2015-for-of@6.18.0
63 silly idealTree ├── babel-plugin-transform-es2015-function-name@6.9.0
63 silly idealTree ├── babel-plugin-transform-es2015-literals@6.8.0
63 silly idealTree ├── babel-plugin-transform-es2015-modules-amd@6.18.0
63 silly idealTree ├── babel-plugin-transform-es2015-modules-commonjs@6.18.0
63 silly idealTree ├── babel-plugin-transform-es2015-modules-systemjs@6.19.0
63 silly idealTree ├── babel-plugin-transform-es2015-modules-umd@6.18.0
63 silly idealTree ├── babel-plugin-transform-es2015-object-super@6.8.0
63 silly idealTree ├── babel-plugin-transform-es2015-parameters@6.21.0
63 silly idealTree ├── babel-plugin-transform-es2015-shorthand-properties@6.18.0
63 silly idealTree ├── babel-plugin-transform-es2015-spread@6.8.0
63 silly idealTree ├── babel-plugin-transform-es2015-sticky-regex@6.8.0
63 silly idealTree ├── babel-plugin-transform-es2015-template-literals@6.8.0
63 silly idealTree ├── babel-plugin-transform-es2015-typeof-symbol@6.18.0
63 silly idealTree ├── babel-plugin-transform-es2015-unicode-regex@6.11.0
63 silly idealTree ├── babel-plugin-transform-flow-strip-types@6.21.0
63 silly idealTree ├── babel-plugin-transform-react-display-name@6.8.0
63 silly idealTree ├── babel-plugin-transform-react-jsx-self@6.11.0
63 silly idealTree ├── babel-plugin-transform-react-jsx-source@6.9.0
63 silly idealTree ├── babel-plugin-transform-react-jsx@6.8.0
63 silly idealTree ├── babel-plugin-transform-regenerator@6.21.0
63 silly idealTree ├── babel-plugin-transform-strict-mode@6.18.0
63 silly idealTree ├── babel-preset-es2015@6.18.0
63 silly idealTree ├── babel-preset-react@6.16.0
63 silly idealTree ├── babel-register@6.18.0
63 silly idealTree ├── babel-runtime@6.20.0
63 silly idealTree ├── babel-template@6.16.0
63 silly idealTree ├── babel-traverse@6.21.0
63 silly idealTree ├── babel-types@6.21.0
63 silly idealTree ├── babylon@6.14.1
63 silly idealTree ├── balanced-match@0.4.2
63 silly idealTree ├── base64-js@1.2.0
63 silly idealTree ├── big.js@3.1.3
63 silly idealTree ├── binary-extensions@1.8.0
63 silly idealTree ├── bootstrap@3.3.7
63 silly idealTree ├── brace-expansion@1.1.6
63 silly idealTree ├── braces@1.8.5
63 silly idealTree ├── browserify-aes@0.4.0
63 silly idealTree ├── browserify-zlib@0.1.4
63 silly idealTree ├── browserslist@1.5.1
63 silly idealTree ├── buffer-shims@1.0.0
63 silly idealTree ├── buffer@4.9.1
63 silly idealTree ├── builtin-status-codes@2.0.0
63 silly idealTree ├── camelcase@1.2.1
63 silly idealTree ├── caniuse-db@1.0.30000602
63 silly idealTree ├── center-align@0.1.3
63 silly idealTree ├── chalk@1.1.3
63 silly idealTree ├── chokidar@1.6.1
63 silly idealTree ├── clap@1.1.2
63 silly idealTree ├── classnames@2.2.5
63 silly idealTree ├─┬ cliui@2.1.0
63 silly idealTree │ └── wordwrap@0.0.2
63 silly idealTree ├── clone@1.0.2
63 silly idealTree ├── coa@1.0.1
63 silly idealTree ├── color-convert@1.8.2
63 silly idealTree ├── color-name@1.1.1
63 silly idealTree ├── color-string@0.3.0
63 silly idealTree ├── color@0.11.4
63 silly idealTree ├── colormin@1.1.2
63 silly idealTree ├── colors@1.1.2
63 silly idealTree ├── commondir@1.0.1
63 silly idealTree ├── concat-map@0.0.1
63 silly idealTree ├── console-browserify@1.1.0
63 silly idealTree ├── constants-browserify@1.0.0
63 silly idealTree ├── convert-source-map@1.3.0
63 silly idealTree ├── core-js@2.4.1
63 silly idealTree ├── core-util-is@1.0.2
63 silly idealTree ├── crypto-browserify@3.3.0
63 silly idealTree ├── css-color-names@0.0.4
63 silly idealTree ├── css-loader@0.26.1
63 silly idealTree ├─┬ css-selector-tokenizer@0.7.0
63 silly idealTree │ └── regexpu-core@1.0.0
63 silly idealTree ├── cssesc@0.1.0
63 silly idealTree ├── cssnano@3.9.1
63 silly idealTree ├── csso@2.2.1
63 silly idealTree ├── date-now@0.1.4
63 silly idealTree ├── debug@2.6.0
63 silly idealTree ├── decamelize@1.2.0
63 silly idealTree ├── defined@1.0.0
63 silly idealTree ├── detect-indent@4.0.0
63 silly idealTree ├── dom-helpers@2.4.0
63 silly idealTree ├── domain-browser@1.1.7
63 silly idealTree ├── emojis-list@2.1.0
63 silly idealTree ├── encoding@0.1.12
63 silly idealTree ├─┬ enhanced-resolve@0.9.1
63 silly idealTree │ └── memory-fs@0.2.0
63 silly idealTree ├── errno@0.1.4
63 silly idealTree ├── escape-string-regexp@1.0.5
63 silly idealTree ├── esprima@2.7.3
63 silly idealTree ├── esutils@2.0.2
63 silly idealTree ├── events@1.1.1
63 silly idealTree ├── expand-brackets@0.1.5
63 silly idealTree ├── expand-range@1.8.2
63 silly idealTree ├── extglob@0.3.2
63 silly idealTree ├── fastparse@1.1.1
63 silly idealTree ├─┬ fbjs@0.8.8
63 silly idealTree │ └── core-js@1.2.7
63 silly idealTree ├── file-loader@0.9.0
63 silly idealTree ├── filename-regex@2.0.0
63 silly idealTree ├── fill-range@2.2.3
63 silly idealTree ├── find-cache-dir@0.1.1
63 silly idealTree ├── find-up@1.1.2
63 silly idealTree ├── flatten@1.0.2
63 silly idealTree ├── for-in@0.1.6
63 silly idealTree ├── for-own@0.1.4
63 silly idealTree ├─┬ fsevents@1.0.15
63 silly idealTree │ ├── abbrev@1.0.9
63 silly idealTree │ ├── ansi-regex@2.0.0
63 silly idealTree │ ├── ansi-styles@2.2.1
63 silly idealTree │ ├── aproba@1.0.4
63 silly idealTree │ ├── are-we-there-yet@1.1.2
63 silly idealTree │ ├── asn1@0.2.3
63 silly idealTree │ ├── assert-plus@0.2.0
63 silly idealTree │ ├── async@1.5.2
63 silly idealTree │ ├── aws-sign2@0.6.0
63 silly idealTree │ ├── aws4@1.4.1
63 silly idealTree │ ├── balanced-match@0.4.2
63 silly idealTree │ ├─┬ bl@1.1.2
63 silly idealTree │ │ └── readable-stream@2.0.6
63 silly idealTree │ ├── block-stream@0.0.9
63 silly idealTree │ ├── boom@2.10.1
63 silly idealTree │ ├── brace-expansion@1.1.5
63 silly idealTree │ ├── buffer-shims@1.0.0
63 silly idealTree │ ├── caseless@0.11.0
63 silly idealTree │ ├── chalk@1.1.3
63 silly idealTree │ ├── code-point-at@1.0.0
63 silly idealTree │ ├── combined-stream@1.0.5
63 silly idealTree │ ├── commander@2.9.0
63 silly idealTree │ ├── concat-map@0.0.1
63 silly idealTree │ ├── console-control-strings@1.1.0
63 silly idealTree │ ├── core-util-is@1.0.2
63 silly idealTree │ ├── cryptiles@2.0.5
63 silly idealTree │ ├─┬ dashdash@1.14.0
63 silly idealTree │ │ └── assert-plus@1.0.0
63 silly idealTree │ ├── debug@2.2.0
63 silly idealTree │ ├── deep-extend@0.4.1
63 silly idealTree │ ├── delayed-stream@1.0.0
63 silly idealTree │ ├── delegates@1.0.0
63 silly idealTree │ ├── ecc-jsbn@0.1.1
63 silly idealTree │ ├── escape-string-regexp@1.0.5
63 silly idealTree │ ├── extend@3.0.0
63 silly idealTree │ ├── extsprintf@1.0.2
63 silly idealTree │ ├── forever-agent@0.6.1
63 silly idealTree │ ├── form-data@1.0.0-rc4
63 silly idealTree │ ├── fs.realpath@1.0.0
63 silly idealTree │ ├── fstream-ignore@1.0.5
63 silly idealTree │ ├── fstream@1.0.10
63 silly idealTree │ ├── gauge@2.6.0
63 silly idealTree │ ├── generate-function@2.0.0
63 silly idealTree │ ├── generate-object-property@1.2.0
63 silly idealTree │ ├─┬ getpass@0.1.6
63 silly idealTree │ │ └── assert-plus@1.0.0
63 silly idealTree │ ├── glob@7.0.5
63 silly idealTree │ ├── graceful-fs@4.1.4
63 silly idealTree │ ├── graceful-readlink@1.0.1
63 silly idealTree │ ├── har-validator@2.0.6
63 silly idealTree │ ├── has-ansi@2.0.0
63 silly idealTree │ ├── has-color@0.1.7
63 silly idealTree │ ├── has-unicode@2.0.1
63 silly idealTree │ ├── hawk@3.1.3
63 silly idealTree │ ├── hoek@2.16.3
63 silly idealTree │ ├── http-signature@1.1.1
63 silly idealTree │ ├── inflight@1.0.5
63 silly idealTree │ ├── inherits@2.0.1
63 silly idealTree │ ├── ini@1.3.4
63 silly idealTree │ ├── is-fullwidth-code-point@1.0.0
63 silly idealTree │ ├── is-my-json-valid@2.13.1
63 silly idealTree │ ├── is-property@1.0.2
63 silly idealTree │ ├── is-typedarray@1.0.0
63 silly idealTree │ ├── isarray@1.0.0
63 silly idealTree │ ├── isstream@0.1.2
63 silly idealTree │ ├── jodid25519@1.0.2
63 silly idealTree │ ├── jsbn@0.1.0
63 silly idealTree │ ├── json-schema@0.2.2
63 silly idealTree │ ├── json-stringify-safe@5.0.1
63 silly idealTree │ ├── jsonpointer@2.0.0
63 silly idealTree │ ├── jsprim@1.3.0
63 silly idealTree │ ├── mime-db@1.23.0
63 silly idealTree │ ├── mime-types@2.1.11
63 silly idealTree │ ├── minimatch@3.0.2
63 silly idealTree │ ├── minimist@0.0.8
63 silly idealTree │ ├── mkdirp@0.5.1
63 silly idealTree │ ├── ms@0.7.1
63 silly idealTree │ ├── node-pre-gyp@0.6.29
63 silly idealTree │ ├── node-uuid@1.4.7
63 silly idealTree │ ├── nopt@3.0.6
63 silly idealTree │ ├── npmlog@3.1.2
63 silly idealTree │ ├── number-is-nan@1.0.0
63 silly idealTree │ ├── oauth-sign@0.8.2
63 silly idealTree │ ├── object-assign@4.1.0
63 silly idealTree │ ├── once@1.3.3
63 silly idealTree │ ├── path-is-absolute@1.0.0
63 silly idealTree │ ├── pinkie-promise@2.0.1
63 silly idealTree │ ├── pinkie@2.0.4
63 silly idealTree │ ├── process-nextick-args@1.0.7
63 silly idealTree │ ├── qs@6.2.0
63 silly idealTree │ ├─┬ rc@1.1.6
63 silly idealTree │ │ └── minimist@1.2.0
63 silly idealTree │ ├── readable-stream@2.1.4
63 silly idealTree │ ├── request@2.73.0
63 silly idealTree │ ├── rimraf@2.5.3
63 silly idealTree │ ├── semver@5.2.0
63 silly idealTree │ ├── set-blocking@2.0.0
63 silly idealTree │ ├── signal-exit@3.0.0
63 silly idealTree │ ├── sntp@1.0.9
63 silly idealTree │ ├─┬ sshpk@1.8.3
63 silly idealTree │ │ └── assert-plus@1.0.0
63 silly idealTree │ ├── string_decoder@0.10.31
63 silly idealTree │ ├── string-width@1.0.1
63 silly idealTree │ ├── stringstream@0.0.5
63 silly idealTree │ ├── strip-ansi@3.0.1
63 silly idealTree │ ├── strip-json-comments@1.0.4
63 silly idealTree │ ├── supports-color@2.0.0
63 silly idealTree │ ├── tar-pack@3.1.4
63 silly idealTree │ ├── tar@2.2.1
63 silly idealTree │ ├── tough-cookie@2.2.2
63 silly idealTree │ ├── tunnel-agent@0.4.3
63 silly idealTree │ ├── tweetnacl@0.13.3
63 silly idealTree │ ├── uid-number@0.0.6
63 silly idealTree │ ├── util-deprecate@1.0.2
63 silly idealTree │ ├── verror@1.3.6
63 silly idealTree │ ├── wide-align@1.1.0
63 silly idealTree │ ├── wrappy@1.0.2
63 silly idealTree │ └── xtend@4.0.1
63 silly idealTree ├── function-bind@1.1.0
63 silly idealTree ├── glob-base@0.3.0
63 silly idealTree ├── glob-parent@2.0.0
63 silly idealTree ├── globals@9.14.0
63 silly idealTree ├── graceful-fs@4.1.11
63 silly idealTree ├── has-ansi@2.0.0
63 silly idealTree ├── has-flag@1.0.0
63 silly idealTree ├── has@1.0.1
63 silly idealTree ├── home-or-tmp@2.0.0
63 silly idealTree ├── html-comment-regex@1.1.1
63 silly idealTree ├── https-browserify@0.0.1
63 silly idealTree ├── iconv-lite@0.4.15
63 silly idealTree ├── icss-replace-symbols@1.0.2
63 silly idealTree ├── ieee754@1.1.8
63 silly idealTree ├── indexes-of@1.0.1
63 silly idealTree ├── indexof@0.0.1
63 silly idealTree ├── inherits@2.0.3
63 silly idealTree ├── interpret@0.6.6
63 silly idealTree ├── invariant@2.2.2
63 silly idealTree ├── is-absolute-url@2.1.0
63 silly idealTree ├── is-binary-path@1.0.1
63 silly idealTree ├── is-buffer@1.1.4
63 silly idealTree ├── is-dotfile@1.0.2
63 silly idealTree ├── is-equal-shallow@0.1.3
63 silly idealTree ├── is-extendable@0.1.1
63 silly idealTree ├── is-extglob@1.0.0
63 silly idealTree ├── is-finite@1.0.2
63 silly idealTree ├── is-glob@2.0.1
63 silly idealTree ├── is-number@2.1.0
63 silly idealTree ├── is-plain-obj@1.1.0
63 silly idealTree ├── is-posix-bracket@0.1.1
63 silly idealTree ├── is-primitive@2.0.0
63 silly idealTree ├── is-stream@1.1.0
63 silly idealTree ├── is-svg@2.1.0
63 silly idealTree ├── isarray@1.0.0
63 silly idealTree ├── isobject@2.1.0
63 silly idealTree ├── isomorphic-fetch@2.2.1
63 silly idealTree ├── js-base64@2.1.9
63 silly idealTree ├── js-tokens@2.0.0
63 silly idealTree ├── js-yaml@3.6.1
63 silly idealTree ├── jsesc@1.3.0
63 silly idealTree ├── json5@0.5.1
63 silly idealTree ├── keycode@2.1.8
63 silly idealTree ├── kind-of@3.1.0
63 silly idealTree ├── lazy-cache@1.0.4
63 silly idealTree ├── loader-utils@0.2.16
63 silly idealTree ├── lodash.camelcase@4.3.0
63 silly idealTree ├── lodash.indexof@4.0.5
63 silly idealTree ├── lodash@4.17.3
63 silly idealTree ├── longest@1.0.1
63 silly idealTree ├── loose-envify@1.3.0
63 silly idealTree ├── macaddress@0.2.8
63 silly idealTree ├── math-expression-evaluator@1.2.14
63 silly idealTree ├── memory-fs@0.3.0
63 silly idealTree ├── micromatch@2.3.11
63 silly idealTree ├── mime@1.2.11
63 silly idealTree ├── minimatch@3.0.3
63 silly idealTree ├── minimist@0.0.8
63 silly idealTree ├── mkdirp@0.5.1
63 silly idealTree ├── ms@0.7.2
63 silly idealTree ├── nan@2.5.0
63 silly idealTree ├── node-fetch@1.6.3
63 silly idealTree ├── node-libs-browser@0.7.0
63 silly idealTree ├── normalize-path@2.0.1
63 silly idealTree ├── normalize-range@0.1.2
63 silly idealTree ├── normalize-url@1.8.0
63 silly idealTree ├── num2fraction@1.2.2
63 silly idealTree ├── number-is-nan@1.0.1
63 silly idealTree ├── object-assign@4.1.0
63 silly idealTree ├── object.omit@2.0.1
63 silly idealTree ├── optimist@0.6.1
63 silly idealTree ├── os-browserify@0.2.1
63 silly idealTree ├── os-homedir@1.0.2
63 silly idealTree ├── os-tmpdir@1.0.2
63 silly idealTree ├── pako@0.2.9
63 silly idealTree ├── parse-glob@3.0.4
63 silly idealTree ├── path-browserify@0.0.0
63 silly idealTree ├── path-exists@2.1.0
63 silly idealTree ├── path-is-absolute@1.0.1
63 silly idealTree ├── pbkdf2-compat@2.0.1
63 silly idealTree ├── pinkie-promise@2.0.1
63 silly idealTree ├── pinkie@2.0.4
63 silly idealTree ├── pkg-dir@1.0.0
63 silly idealTree ├── postcss-calc@5.3.1
63 silly idealTree ├── postcss-colormin@2.2.1
63 silly idealTree ├── postcss-convert-values@2.6.0
63 silly idealTree ├── postcss-discard-comments@2.0.4
63 silly idealTree ├── postcss-discard-duplicates@2.0.2
63 silly idealTree ├── postcss-discard-empty@2.1.0
63 silly idealTree ├── postcss-discard-overridden@0.1.1
63 silly idealTree ├── postcss-discard-unused@2.2.3
63 silly idealTree ├── postcss-filter-plugins@2.0.2
63 silly idealTree ├── postcss-merge-idents@2.1.7
63 silly idealTree ├── postcss-merge-longhand@2.0.1
63 silly idealTree ├── postcss-merge-rules@2.0.11
63 silly idealTree ├── postcss-message-helpers@2.0.0
63 silly idealTree ├── postcss-minify-font-values@1.0.5
63 silly idealTree ├── postcss-minify-gradients@1.0.5
63 silly idealTree ├── postcss-minify-params@1.2.2
63 silly idealTree ├── postcss-minify-selectors@2.1.1
63 silly idealTree ├── postcss-modules-extract-imports@1.0.1
63 silly idealTree ├─┬ postcss-modules-local-by-default@1.1.1
63 silly idealTree │ ├── css-selector-tokenizer@0.6.0
63 silly idealTree │ └── regexpu-core@1.0.0
63 silly idealTree ├─┬ postcss-modules-scope@1.0.2
63 silly idealTree │ ├── css-selector-tokenizer@0.6.0
63 silly idealTree │ └── regexpu-core@1.0.0
63 silly idealTree ├── postcss-modules-values@1.2.2
63 silly idealTree ├── postcss-normalize-charset@1.1.1
63 silly idealTree ├── postcss-normalize-url@3.0.8
63 silly idealTree ├── postcss-ordered-values@2.2.2
63 silly idealTree ├── postcss-reduce-idents@2.3.1
63 silly idealTree ├── postcss-reduce-initial@1.0.1
63 silly idealTree ├── postcss-reduce-transforms@1.0.4
63 silly idealTree ├── postcss-selector-parser@2.2.2
63 silly idealTree ├── postcss-svgo@2.1.6
63 silly idealTree ├── postcss-unique-selectors@2.0.2
63 silly idealTree ├── postcss-value-parser@3.3.0
63 silly idealTree ├── postcss-zindex@2.2.0
63 silly idealTree ├─┬ postcss@5.2.8
63 silly idealTree │ └── supports-color@3.1.2
63 silly idealTree ├── prepend-http@1.0.4
63 silly idealTree ├── preserve@0.2.0
63 silly idealTree ├── private@0.1.6
63 silly idealTree ├── process-nextick-args@1.0.7
63 silly idealTree ├── process@0.11.9
63 silly idealTree ├── promise@7.1.1
63 silly idealTree ├── prr@0.0.0
63 silly idealTree ├── punycode@1.4.1
63 silly idealTree ├── q@1.4.1
63 silly idealTree ├── query-string@4.2.3
63 silly idealTree ├── querystring-es3@0.2.1
63 silly idealTree ├── querystring@0.2.0
63 silly idealTree ├── randomatic@1.1.6
63 silly idealTree ├── react-bootstrap@0.30.7
63 silly idealTree ├── react-csv-downloader@0.1.4
63 silly idealTree ├── react-dom@15.4.1
63 silly idealTree ├── react-overlays@0.6.10
63 silly idealTree ├── react-prop-types@0.4.0
63 silly idealTree ├── react@15.4.1
63 silly idealTree ├── readable-stream@2.2.2
63 silly idealTree ├── readdirp@2.1.0
63 silly idealTree ├── reduce-css-calc@1.3.0
63 silly idealTree ├── reduce-function-call@1.0.2
63 silly idealTree ├── regenerate@1.3.2
63 silly idealTree ├── regenerator-runtime@0.10.1
63 silly idealTree ├── regenerator-transform@0.9.8
63 silly idealTree ├── regex-cache@0.4.3
63 silly idealTree ├── regexpu-core@2.0.0
63 silly idealTree ├── regjsgen@0.2.0
63 silly idealTree ├─┬ regjsparser@0.1.5
63 silly idealTree │ └── jsesc@0.5.0
63 silly idealTree ├── repeat-element@1.1.2
63 silly idealTree ├── repeat-string@1.6.1
63 silly idealTree ├── repeating@2.0.1
63 silly idealTree ├── right-align@0.1.3
63 silly idealTree ├── ripemd160@0.2.0
63 silly idealTree ├── sax@1.2.1
63 silly idealTree ├── set-immediate-shim@1.0.1
63 silly idealTree ├── setimmediate@1.0.5
63 silly idealTree ├── sha.js@2.2.6
63 silly idealTree ├── slash@1.0.0
63 silly idealTree ├── sort-keys@1.1.2
63 silly idealTree ├── source-list-map@0.1.7
63 silly idealTree ├── source-map-support@0.4.8
63 silly idealTree ├── source-map@0.5.6
63 silly idealTree ├── sprintf-js@1.0.3
63 silly idealTree ├── stream-browserify@2.0.1
63 silly idealTree ├── stream-http@2.5.0
63 silly idealTree ├── strict-uri-encode@1.1.0
63 silly idealTree ├── string_decoder@0.10.31
63 silly idealTree ├── strip-ansi@3.0.1
63 silly idealTree ├── style-loader@0.13.1
63 silly idealTree ├── supports-color@2.0.0
63 silly idealTree ├── svgo@0.7.1
63 silly idealTree ├── tapable@0.1.10
63 silly idealTree ├── timers-browserify@2.0.2
63 silly idealTree ├── to-arraybuffer@1.0.1
63 silly idealTree ├── to-fast-properties@1.0.2
63 silly idealTree ├── tty-browserify@0.0.0
63 silly idealTree ├── ua-parser-js@0.7.12
63 silly idealTree ├─┬ uglify-js@2.7.5
63 silly idealTree │ └── async@0.2.10
63 silly idealTree ├── uglify-to-browserify@1.0.2
63 silly idealTree ├── uncontrollable@4.0.3
63 silly idealTree ├── uniq@1.0.1
63 silly idealTree ├── uniqid@4.1.0
63 silly idealTree ├── uniqs@2.0.0
63 silly idealTree ├── url-loader@0.5.7
63 silly idealTree ├─┬ url@0.11.0
63 silly idealTree │ └── punycode@1.3.2
63 silly idealTree ├── util-deprecate@1.0.2
63 silly idealTree ├─┬ util@0.10.3
63 silly idealTree │ └── inherits@2.0.1
63 silly idealTree ├── vendors@1.0.1
63 silly idealTree ├── vm-browserify@0.0.4
63 silly idealTree ├── warning@3.0.0
63 silly idealTree ├─┬ watchpack@0.2.9
63 silly idealTree │ └── async@0.9.2
63 silly idealTree ├─┬ webpack-core@0.6.9
63 silly idealTree │ └── source-map@0.4.4
63 silly idealTree ├─┬ webpack@1.14.0
63 silly idealTree │ └── supports-color@3.1.2
63 silly idealTree ├── whatwg-fetch@2.0.1
63 silly idealTree ├── whet.extend@0.9.9
63 silly idealTree ├── window-size@0.1.0
63 silly idealTree ├── wordwrap@0.0.3
63 silly idealTree ├── xtend@4.0.1
63 silly idealTree └── yargs@3.10.0
64 silly generateActionsToTake Starting
65 silly install generateActionsToTake
66 silly generateActionsToTake Finishing
67 silly diffTrees action count 1
68 silly diffTrees add react-csv-downloader@0.1.4
69 silly decomposeActions action count 8
70 silly decomposeActions fetch react-csv-downloader@0.1.4
71 silly decomposeActions extract react-csv-downloader@0.1.4
72 silly decomposeActions test react-csv-downloader@0.1.4
73 silly decomposeActions preinstall react-csv-downloader@0.1.4
74 silly decomposeActions build react-csv-downloader@0.1.4
75 silly decomposeActions install react-csv-downloader@0.1.4
76 silly decomposeActions postinstall react-csv-downloader@0.1.4
77 silly decomposeActions finalize react-csv-downloader@0.1.4
78 silly runTopLevelLifecycles Starting
79 silly executeActions Starting
80 silly install executeActions
81 silly doSerial global-install 0
82 silly doParallel fetch 1
83 verbose correctMkdir /Users/blairgooger/.npm/_locks correctMkdir not in flight; initializing
84 verbose lock using /Users/blairgooger/.npm/_locks/staging-7a08f41cb55a626f.lock for /Users/blairgooger/workspace/go/src/string-distance/node_modules/.staging
85 silly doParallel extract 1
86 silly extract react-csv-downloader@0.1.4
87 verbose unbuild node_modules/.staging/react-csv-downloader-da7548b6
88 silly gentlyRm /Users/blairgooger/workspace/go/src/string-distance/node_modules/.staging/react-csv-downloader-da7548b6 is being purged from base /Users/blairgooger/workspace/go/src/string-distance
89 verbose gentlyRm don't care about contents; nuking /Users/blairgooger/workspace/go/src/string-distance/node_modules/.staging/react-csv-downloader-da7548b6
90 verbose tar unpack /Users/blairgooger/.npm/react-csv-downloader/0.1.4/package.tgz
91 verbose tar unpacking to /Users/blairgooger/workspace/go/src/string-distance/node_modules/.staging/react-csv-downloader-da7548b6
92 silly gentlyRm /Users/blairgooger/workspace/go/src/string-distance/node_modules/.staging/react-csv-downloader-da7548b6 is being purged
93 verbose gentlyRm don't care about contents; nuking /Users/blairgooger/workspace/go/src/string-distance/node_modules/.staging/react-csv-downloader-da7548b6
94 silly gunzTarPerm modes [ '755', '644' ]
95 silly gunzTarPerm extractEntry package.json
96 silly gunzTarPerm modified mode [ 'package.json', 436, 420 ]
97 silly gunzTarPerm extractEntry .npmignore
98 silly gunzTarPerm modified mode [ '.npmignore', 436, 420 ]
99 silly gunzTarPerm extractEntry README.md
100 silly gunzTarPerm modified mode [ 'README.md', 436, 420 ]
101 silly gunzTarPerm extractEntry webpack.config.js
102 silly gunzTarPerm modified mode [ 'webpack.config.js', 436, 420 ]
103 silly gunzTarPerm extractEntry karma.conf.js
104 silly gunzTarPerm modified mode [ 'karma.conf.js', 436, 420 ]
105 silly gunzTarPerm extractEntry webpack.test.js
106 silly gunzTarPerm modified mode [ 'webpack.test.js', 436, 420 ]
107 silly gunzTarPerm extractEntry .travis.yml
108 silly gunzTarPerm modified mode [ '.travis.yml', 436, 420 ]
109 silly gunzTarPerm extractEntry CHANGELOG.md
110 silly gunzTarPerm modified mode [ 'CHANGELOG.md', 436, 420 ]
111 silly gunzTarPerm extractEntry .editorconfig
112 silly gunzTarPerm modified mode [ '.editorconfig', 436, 420 ]
113 silly gunzTarPerm extractEntry example/index.js
114 silly gunzTarPerm modified mode [ 'example/index.js', 436, 420 ]
115 silly gunzTarPerm extractEntry example/index.html
116 silly gunzTarPerm modified mode [ 'example/index.html', 436, 420 ]
117 silly gunzTarPerm extractEntry example/locales/en.js
118 silly gunzTarPerm modified mode [ 'example/locales/en.js', 436, 420 ]
119 silly gunzTarPerm extractEntry example/locales/index.js
120 silly gunzTarPerm modified mode [ 'example/locales/index.js', 436, 420 ]
121 silly gunzTarPerm extractEntry LICENSE.md
122 silly gunzTarPerm modified mode [ 'LICENSE.md', 436, 420 ]
123 silly gunzTarPerm extractEntry .eslintrc
124 silly gunzTarPerm modified mode [ '.eslintrc', 436, 420 ]
125 silly gunzTarPerm extractEntry src/index.js
126 silly gunzTarPerm modified mode [ 'src/index.js', 436, 420 ]
127 silly gunzTarPerm extractEntry src/lib/csv.js
128 silly gunzTarPerm modified mode [ 'src/lib/csv.js', 436, 420 ]
129 silly gunzTarPerm extractEntry src/lib/__test__/csvSpec.js
130 silly gunzTarPerm modified mode [ 'src/lib/__test__/csvSpec.js', 436, 420 ]
131 silly gunzTarPerm extractEntry .babelrc
132 silly gunzTarPerm modified mode [ '.babelrc', 436, 420 ]
133 silly gentlyRm /Users/blairgooger/workspace/go/src/string-distance/node_modules/.staging/react-csv-downloader-da7548b6/node_modules is being purged
134 verbose gentlyRm don't care about contents; nuking /Users/blairgooger/workspace/go/src/string-distance/node_modules/.staging/react-csv-downloader-da7548b6/node_modules
135 silly doParallel preinstall 1
136 silly preinstall react-csv-downloader@0.1.4 /Users/blairgooger/workspace/go/src/string-distance/node_modules/.staging/react-csv-downloader-da7548b6
137 info lifecycle react-csv-downloader@0.1.4~preinstall: react-csv-downloader@0.1.4
138 silly lifecycle react-csv-downloader@0.1.4~preinstall: no script for preinstall, continuing
139 silly doReverseSerial remove 0
140 silly doSerial move 0
141 silly doSerial finalize 1
142 silly finalize /Users/blairgooger/workspace/go/src/string-distance/node_modules/react-csv-downloader
143 silly doSerial build 1
144 silly build react-csv-downloader@0.1.4
145 info linkStuff react-csv-downloader@0.1.4
146 silly linkStuff react-csv-downloader@0.1.4 has /Users/blairgooger/workspace/go/src/string-distance/node_modules as its parent node_modules
147 verbose linkBins react-csv-downloader@0.1.4
148 verbose linkMans react-csv-downloader@0.1.4
149 silly doSerial global-link 0
150 silly doParallel update-linked 0
151 silly doSerial install 1
152 silly install react-csv-downloader@0.1.4 /Users/blairgooger/workspace/go/src/string-distance/node_modules/.staging/react-csv-downloader-da7548b6
153 info lifecycle react-csv-downloader@0.1.4~install: react-csv-downloader@0.1.4
154 silly lifecycle react-csv-downloader@0.1.4~install: no script for install, continuing
155 silly doSerial postinstall 1
156 silly postinstall react-csv-downloader@0.1.4 /Users/blairgooger/workspace/go/src/string-distance/node_modules/.staging/react-csv-downloader-da7548b6
157 info lifecycle react-csv-downloader@0.1.4~postinstall: react-csv-downloader@0.1.4
158 verbose lifecycle react-csv-downloader@0.1.4~postinstall: unsafe-perm in lifecycle true
159 verbose lifecycle react-csv-downloader@0.1.4~postinstall: PATH: /usr/local/lib/node_modules/npm/bin/node-gyp-bin:/Users/blairgooger/workspace/go/src/string-distance/node_modules/react-csv-downloader/node_modules/.bin:/Users/blairgooger/workspace/go/src/string-distance/node_modules/.bin:/usr/local/Cellar/node/7.3.0/bin:/Users/blairgooger/Downloads/google-cloud-sdk/bin:/Users/blairgooger/workspace/go/bin:/Users/blairgooger/go_appengine/:/usr/local/bin:/usr/bin:/bin:/usr/sbin:/sbin
160 verbose lifecycle react-csv-downloader@0.1.4~postinstall: CWD: /Users/blairgooger/workspace/go/src/string-distance/node_modules/react-csv-downloader
161 silly lifecycle react-csv-downloader@0.1.4~postinstall: Args: [ '-c', 'npm run build' ]
162 silly lifecycle react-csv-downloader@0.1.4~postinstall: Returned: code: 1  signal: null
163 info lifecycle react-csv-downloader@0.1.4~postinstall: Failed to exec postinstall script
164 verbose unlock done using /Users/blairgooger/.npm/_locks/staging-7a08f41cb55a626f.lock for /Users/blairgooger/workspace/go/src/string-distance/node_modules/.staging
165 silly rollbackFailedOptional Starting
166 silly rollbackFailedOptional Finishing
167 silly runTopLevelLifecycles Finishing
168 silly install printInstalled
169 verbose stack Error: react-csv-downloader@0.1.4 postinstall: `npm run build`
169 verbose stack Exit status 1
169 verbose stack     at EventEmitter.<anonymous> (/usr/local/lib/node_modules/npm/lib/utils/lifecycle.js:255:16)
169 verbose stack     at emitTwo (events.js:106:13)
169 verbose stack     at EventEmitter.emit (events.js:191:7)
169 verbose stack     at ChildProcess.<anonymous> (/usr/local/lib/node_modules/npm/lib/utils/spawn.js:40:14)
169 verbose stack     at emitTwo (events.js:106:13)
169 verbose stack     at ChildProcess.emit (events.js:191:7)
169 verbose stack     at maybeClose (internal/child_process.js:885:16)
169 verbose stack     at Process.ChildProcess._handle.onexit (internal/child_process.js:226:5)
170 verbose pkgid react-csv-downloader@0.1.4
171 verbose cwd /Users/blairgooger/workspace/go/src/string-distance
172 error Darwin 15.6.0
173 error argv "/usr/local/Cellar/node/7.3.0/bin/node" "/usr/local/bin/npm" "install" "--save-dev" "react-csv-downloader"
174 error node v7.3.0
175 error npm  v3.10.10
176 error code ELIFECYCLE
177 error react-csv-downloader@0.1.4 postinstall: `npm run build`
177 error Exit status 1
178 error Failed at the react-csv-downloader@0.1.4 postinstall script 'npm run build'.
178 error Make sure you have the latest version of node.js and npm installed.
178 error If you do, this is most likely a problem with the react-csv-downloader package,
178 error not with npm itself.
178 error Tell the author that this fails on your system:
178 error     npm run build
178 error You can get information on how to open an issue for this project with:
178 error     npm bugs react-csv-downloader
178 error Or if that isn't available, you can get their info via:
178 error     npm owner ls react-csv-downloader
178 error There is likely additional logging output above.
179 verbose exit [ 1, true ]
